<?xml version="1.0" encoding="UTF-8"?>
<testng-results skipped="0" failed="0" ignored="0" total="1" passed="1">
  <reporter-output>
  </reporter-output>
  <suite name="All Test Suite" duration-ms="1901" started-at="2022-01-09T23:11:06 CET" finished-at="2022-01-09T23:11:08 CET">
    <groups>
    </groups>
    <test name="smoke" duration-ms="1901" started-at="2022-01-09T23:11:06 CET" finished-at="2022-01-09T23:11:08 CET">
      <class name="ApiSmokeTest">
        <test-method status="PASS" signature="endToEndApiFlow()[pri:0, instance:ApiSmokeTest@6fc6f14e]" name="endToEndApiFlow" duration-ms="1872" started-at="2022-01-09T23:11:06 CET" finished-at="2022-01-09T23:11:08 CET">
          <reporter-output>
          </reporter-output>
        </test-method> <!-- endToEndApiFlow -->
      </class> <!-- ApiSmokeTest -->
    </test> <!-- smoke -->
  </suite> <!-- All Test Suite -->
</testng-results>
